# JRE version: Java(TM) SE Runtime Environment (8.0_91-b14) (build 1.8.0_91-b14)
# Java VM: Java HotSpot(TM) 64-Bit Server VM (25.91-b14 mixed mode windows-amd64 compressed oops)
Heap:
 PSYoungGen      total 76288K, used 2335K [0x000000076b200000, 0x0000000770700000, 0x00000007c0000000)
  eden space 65536K, 3% used [0x000000076b200000,0x000000076b447f28,0x000000076f200000)
  from space 10752K, 0% used [0x000000076fc80000,0x000000076fc80000,0x0000000770700000)
  to   space 10752K, 0% used [0x000000076f200000,0x000000076f200000,0x000000076fc80000)
 ParOldGen       total 175104K, used 10253K [0x00000006c1600000, 0x00000006cc100000, 0x000000076b200000)
  object space 175104K, 5% used [0x00000006c1600000,0x00000006c2003488,0x00000006cc100000)
 Metaspace       used 19798K, capacity 20014K, committed 20224K, reserved 1067008K
  class space    used 2448K, capacity 2547K, committed 2560K, reserved 1048576K
GC Heap History (6 events):
Event: 0.849 GC heap before
{Heap before GC invocations=1 (full 0):
 PSYoungGen      total 76288K, used 65536K [0x000000076b200000, 0x0000000770700000, 0x00000007c0000000)
  eden space 65536K, 100% used [0x000000076b200000,0x000000076f200000,0x000000076f200000)
  from space 10752K, 0% used [0x000000076fc80000,0x000000076fc80000,0x0000000770700000)
  to   space 10752K, 0% used [0x000000076f200000,0x000000076f200000,0x000000076fc80000)
 ParOldGen       total 175104K, used 0K [0x00000006c1600000, 0x00000006cc100000, 0x000000076b200000)
  object space 175104K, 0% used [0x00000006c1600000,0x00000006c1600000,0x00000006cc100000)
 Metaspace       used 12051K, capacity 12290K, committed 12416K, reserved 1060864K
  class space    used 1495K, capacity 1577K, committed 1664K, reserved 1048576K
Event: 0.854 GC heap after
Heap after GC invocations=1 (full 0):
 PSYoungGen      total 76288K, used 6766K [0x000000076b200000, 0x0000000770700000, 0x00000007c0000000)
  eden space 65536K, 0% used [0x000000076b200000,0x000000076b200000,0x000000076f200000)
  from space 10752K, 62% used [0x000000076f200000,0x000000076f89ba90,0x000000076fc80000)
  to   space 10752K, 0% used [0x000000076fc80000,0x000000076fc80000,0x0000000770700000)
 ParOldGen       total 175104K, used 16K [0x00000006c1600000, 0x00000006cc100000, 0x000000076b200000)
  object space 175104K, 0% used [0x00000006c1600000,0x00000006c1604000,0x00000006cc100000)
 Metaspace       used 12051K, capacity 12290K, committed 12416K, reserved 1060864K
  class space    used 1495K, capacity 1577K, committed 1664K, reserved 1048576K
}
Event: 88.642 GC heap before
{Heap before GC invocations=2 (full 0):
 PSYoungGen      total 76288K, used 58352K [0x000000076b200000, 0x0000000770700000, 0x00000007c0000000)
  eden space 65536K, 78% used [0x000000076b200000,0x000000076e460840,0x000000076f200000)
  from space 10752K, 62% used [0x000000076f200000,0x000000076f89ba90,0x000000076fc80000)
  to   space 10752K, 0% used [0x000000076fc80000,0x000000076fc80000,0x0000000770700000)
 ParOldGen       total 175104K, used 16K [0x00000006c1600000, 0x00000006cc100000, 0x000000076b200000)
  object space 175104K, 0% used [0x00000006c1600000,0x00000006c1604000,0x00000006cc100000)
 Metaspace       used 19793K, capacity 20014K, committed 20224K, reserved 1067008K
  class space    used 2446K, capacity 2547K, committed 2560K, reserved 1048576K
Event: 88.672 GC heap after
Heap after GC invocations=2 (full 0):
 PSYoungGen      total 76288K, used 10669K [0x000000076b200000, 0x0000000770700000, 0x00000007c0000000)
  eden space 65536K, 0% used [0x000000076b200000,0x000000076b200000,0x000000076f200000)
  from space 10752K, 99% used [0x000000076fc80000,0x00000007706eb600,0x0000000770700000)
  to   space 10752K, 0% used [0x000000076f200000,0x000000076f200000,0x000000076fc80000)
 ParOldGen       total 175104K, used 24K [0x00000006c1600000, 0x00000006cc100000, 0x000000076b200000)
  object space 175104K, 0% used [0x00000006c1600000,0x00000006c1606000,0x00000006cc100000)
 Metaspace       used 19793K, capacity 20014K, committed 20224K, reserved 1067008K
  class space    used 2446K, capacity 2547K, committed 2560K, reserved 1048576K
}
Event: 88.672 GC heap before
{Heap before GC invocations=3 (full 1):
 PSYoungGen      total 76288K, used 10669K [0x000000076b200000, 0x0000000770700000, 0x00000007c0000000)
  eden space 65536K, 0% used [0x000000076b200000,0x000000076b200000,0x000000076f200000)
  from space 10752K, 99% used [0x000000076fc80000,0x00000007706eb600,0x0000000770700000)
  to   space 10752K, 0% used [0x000000076f200000,0x000000076f200000,0x000000076fc80000)
 ParOldGen       total 175104K, used 24K [0x00000006c1600000, 0x00000006cc100000, 0x000000076b200000)
  object space 175104K, 0% used [0x00000006c1600000,0x00000006c1606000,0x00000006cc100000)
 Metaspace       used 19793K, capacity 20014K, committed 20224K, reserved 1067008K
  class space    used 2446K, capacity 2547K, committed 2560K, reserved 1048576K
Event: 88.713 GC heap after
Heap after GC invocations=3 (full 1):
 PSYoungGen      total 76288K, used 0K [0x000000076b200000, 0x0000000770700000, 0x00000007c0000000)
  eden space 65536K, 0% used [0x000000076b200000,0x000000076b200000,0x000000076f200000)
  from space 10752K, 0% used [0x000000076fc80000,0x000000076fc80000,0x0000000770700000)
  to   space 10752K, 0% used [0x000000076f200000,0x000000076f200000,0x000000076fc80000)
 ParOldGen       total 175104K, used 10253K [0x00000006c1600000, 0x00000006cc100000, 0x000000076b200000)
  object space 175104K, 5% used [0x00000006c1600000,0x00000006c2003488,0x00000006cc100000)
 Metaspace       used 19793K, capacity 20014K, committed 20224K, reserved 1067008K
  class space    used 2446K, capacity 2547K, committed 2560K, reserved 1048576K
}

